

***********************************************************************
Fatal NI connect error 12514, connecting to:
 (DESCRIPTION=(ADDRESS=(PROTOCOL=TCP)(HOST=hercules1.ind.alcatel.com)(PORT=1521))(CONNECT_DATA=(SERVICE_NAME=LMON.ind.alcatel.com)(CID=(PROGRAM=)(HOST=hercules1.ind.alcatel.com)(USER=oracle))))

  VERSION INFORMATION:
	TNS for Linux: Version 9.2.0.5.0 - Production
	TCP/IP NT Protocol Adapter for Linux: Version 9.2.0.5.0 - Production
  Time: 12-AUG-2004 13:41:06
  Tracing not turned on.
  Tns error struct:
    nr err code: 0
    ns main err code: 12564
    TNS-12564: TNS:connection refused
    ns secondary err code: 0
    nt main err code: 0
    nt secondary err code: 0
    nt OS err code: 0


***********************************************************************
Fatal NI connect error 12514, connecting to:
 (DESCRIPTION=(ADDRESS=(PROTOCOL=TCP)(HOST=hercules1.ind.alcatel.com)(PORT=1521))(CONNECT_DATA=(SERVICE_NAME=LMON.ind.alcatel.com)(CID=(PROGRAM=)(HOST=hercules1.ind.alcatel.com)(USER=oracle))))

  VERSION INFORMATION:
	TNS for Linux: Version 9.2.0.5.0 - Production
	TCP/IP NT Protocol Adapter for Linux: Version 9.2.0.5.0 - Production
  Time: 12-AUG-2004 13:41:16
  Tracing not turned on.
  Tns error struct:
    nr err code: 0
    ns main err code: 12564
    TNS-12564: TNS:connection refused
    ns secondary err code: 0
    nt main err code: 0
    nt secondary err code: 0
    nt OS err code: 0


***********************************************************************
Fatal NI connect error 12514, connecting to:
 (DESCRIPTION=(ADDRESS=(PROTOCOL=TCP)(HOST=hercules1.ind.alcatel.com)(PORT=1521))(CONNECT_DATA=(SERVICE_NAME=LMON.ind.alcatel.com)(CID=(PROGRAM=)(HOST=hercules1.ind.alcatel.com)(USER=oracle))))

  VERSION INFORMATION:
	TNS for Linux: Version 9.2.0.5.0 - Production
	TCP/IP NT Protocol Adapter for Linux: Version 9.2.0.5.0 - Production
  Time: 12-AUG-2004 13:41:35
  Tracing not turned on.
  Tns error struct:
    nr err code: 0
    ns main err code: 12564
    TNS-12564: TNS:connection refused
    ns secondary err code: 0
    nt main err code: 0
    nt secondary err code: 0
    nt OS err code: 0


***********************************************************************
Fatal NI connect error 12514, connecting to:
 (DESCRIPTION=(ADDRESS=(PROTOCOL=TCP)(HOST=hercules1.ind.alcatel.com)(PORT=1521))(CONNECT_DATA=(SERVICE_NAME=LMON.ind.alcatel.com)(CID=(PROGRAM=)(HOST=hercules1.ind.alcatel.com)(USER=oracle))))

  VERSION INFORMATION:
	TNS for Linux: Version 9.2.0.5.0 - Production
	TCP/IP NT Protocol Adapter for Linux: Version 9.2.0.5.0 - Production
  Time: 17-AUG-2004 14:01:25
  Tracing not turned on.
  Tns error struct:
    nr err code: 0
    ns main err code: 12564
    TNS-12564: TNS:connection refused
    ns secondary err code: 0
    nt main err code: 0
    nt secondary err code: 0
    nt OS err code: 0
