drop sequence sqldir_groups_S
              *
ERROR at line 1:
ORA-02289: sequence does not exist 



Sequence created.

drop table sqldir_groups
           *
ERROR at line 1:
ORA-00942: table or view does not exist 



Table created.

drop sequence sqldir_scripts_S
              *
ERROR at line 1:
ORA-02289: sequence does not exist 



Sequence created.

drop table sqldir_scripts
           *
ERROR at line 1:
ORA-00942: table or view does not exist 



Table created.

drop table sqldir_mapping
           *
ERROR at line 1:
ORA-00942: table or view does not exist 



Table created.


Index created.


1 row created.


1 row created.


1 row created.


1 row created.


1 row created.


1 row created.


1 row created.


1 row created.


1 row created.


1 row created.


1 row created.


1 row created.


1 row created.


1 row created.


1 row created.


1 row created.


1 row created.


1 row created.


1 row created.


1 row created.


1 row created.


1 row created.


1 row created.


1 row created.


1 row created.


1 row created.


1 row created.


1 row created.


1 row created.


1 row created.


1 row created.


1 row created.


1 row created.


1 row created.


1 row created.


1 row created.


1 row created.


1 row created.


1 row created.


1 row created.


1 row created.


0 rows created.


1 row created.


0 rows created.


1 row created.


0 rows created.

